TN:
SF:src/components/Icons.tsx
FNF:0
FNH:0
DA:59,2
LF:1
LH:1
BRF:0
BRH:0
end_of_record
TN:
SF:src/components/ReorderSparkline.tsx
FN:17,(anonymous_0)
FN:37,(anonymous_1)
FN:45,(anonymous_2)
FN:61,(anonymous_3)
FN:62,(anonymous_4)
FNF:5
FNH:5
FNDA:2,(anonymous_0)
FNDA:2,(anonymous_1)
FNDA:1,(anonymous_2)
FNDA:1,(anonymous_3)
FNDA:2,(anonymous_4)
DA:17,1
DA:24,2
DA:25,1
DA:36,1
DA:37,2
DA:45,1
DA:47,1
DA:61,1
DA:63,2
DA:64,1
DA:66,1
LF:11
LH:11
BRDA:19,0,0,2
BRDA:20,1,0,2
BRDA:21,2,0,2
BRDA:22,3,0,2
BRDA:24,4,0,1
BRDA:24,4,1,1
BRDA:24,5,0,2
BRDA:24,5,1,2
BRDA:51,6,0,1
BRDA:51,6,1,1
BRDA:63,7,0,1
BRDA:63,7,1,1
BRDA:63,8,0,2
BRDA:63,8,1,1
BRF:14
BRH:14
end_of_record
TN:
SF:src/components/TreeNode.tsx
FN:33,(anonymous_0)
FN:68,(anonymous_1)
FN:84,(anonymous_2)
FN:86,(anonymous_3)
FN:94,(anonymous_4)
FN:101,(anonymous_5)
FN:106,(anonymous_6)
FN:193,(anonymous_7)
FN:252,(anonymous_8)
FN:272,getIsExpanded
FN:280,areTreeNodePropsEqual
FNF:11
FNH:11
FNDA:16,(anonymous_0)
FNDA:18,(anonymous_1)
FNDA:16,(anonymous_2)
FNDA:18,(anonymous_3)
FNDA:1,(anonymous_4)
FNDA:1,(anonymous_5)
FNDA:1,(anonymous_6)
FNDA:16,(anonymous_7)
FNDA:2,(anonymous_8)
FNDA:26,getIsExpanded
FNDA:20,areTreeNodePropsEqual
DA:26,1
DA:33,1
DA:34,16
DA:36,1
DA:42,3
DA:48,9
DA:54,2
DA:60,1
DA:68,1
DA:78,18
DA:79,18
DA:80,18
DA:81,18
DA:83,18
DA:84,18
DA:86,18
DA:87,18
DA:88,11
DA:89,11
DA:90,10
DA:93,18
DA:95,1
DA:96,1
DA:101,18
DA:102,1
DA:103,1
DA:106,18
DA:107,1
DA:110,18
DA:193,16
DA:253,2
DA:277,26
DA:281,20
DA:282,19
DA:283,18
DA:284,17
DA:285,16
DA:286,15
DA:287,14
DA:288,13
DA:289,3
DA:291,10
DA:292,8
DA:293,5
DA:294,4
DA:295,3
DA:296,2
DA:299,1
DA:300,1
LF:49
LH:49
BRDA:34,0,0,1
BRDA:34,0,1,3
BRDA:34,0,2,9
BRDA:34,0,3,2
BRDA:34,0,4,1
BRDA:78,1,0,18
BRDA:78,1,1,1
BRDA:79,2,0,18
BRDA:79,2,1,5
BRDA:79,2,2,5
BRDA:81,3,0,18
BRDA:81,3,1,17
BRDA:83,4,0,18
BRDA:83,4,1,1
BRDA:87,5,0,7
BRDA:87,5,1,11
BRDA:87,6,0,18
BRDA:87,6,1,11
BRDA:89,7,0,1
BRDA:89,7,1,10
BRDA:119,8,0,12
BRDA:119,8,1,6
BRDA:120,9,0,1
BRDA:120,9,1,17
BRDA:121,10,0,1
BRDA:121,10,1,17
BRDA:130,11,0,8
BRDA:130,11,1,10
BRDA:135,12,0,2
BRDA:135,12,1,16
BRDA:142,13,0,8
BRDA:142,13,1,10
BRDA:149,14,0,8
BRDA:149,14,1,10
BRDA:159,15,0,1
BRDA:159,15,1,17
BRDA:172,16,0,18
BRDA:172,16,1,11
BRDA:172,16,2,8
BRDA:182,17,0,18
BRDA:182,17,1,14
BRDA:190,18,0,18
BRDA:190,18,1,11
BRDA:190,18,2,8
BRDA:190,18,3,8
BRDA:204,19,0,18
BRDA:204,19,1,3
BRDA:204,19,2,1
BRDA:211,20,0,18
BRDA:211,20,1,1
BRDA:211,20,2,1
BRDA:219,21,0,18
BRDA:219,21,1,2
BRDA:234,22,0,18
BRDA:234,22,1,2
BRDA:238,23,0,1
BRDA:238,23,1,1
BRDA:239,24,0,1
BRDA:239,24,1,1
BRDA:250,25,0,1
BRDA:250,25,1,1
BRDA:275,26,0,26
BRDA:277,27,0,26
BRDA:277,27,1,1
BRDA:277,27,2,1
BRDA:281,28,0,1
BRDA:281,28,1,19
BRDA:282,29,0,1
BRDA:282,29,1,18
BRDA:283,30,0,1
BRDA:283,30,1,17
BRDA:284,31,0,1
BRDA:284,31,1,16
BRDA:285,32,0,1
BRDA:285,32,1,15
BRDA:286,33,0,1
BRDA:286,33,1,14
BRDA:287,34,0,1
BRDA:287,34,1,13
BRDA:288,35,0,3
BRDA:288,35,1,10
BRDA:291,36,0,2
BRDA:291,36,1,8
BRDA:292,37,0,3
BRDA:292,37,1,5
BRDA:293,38,0,1
BRDA:293,38,1,4
BRDA:294,39,0,1
BRDA:294,39,1,3
BRDA:295,40,0,1
BRDA:295,40,1,2
BRF:91
BRH:91
end_of_record
TN:
SF:src/components/VelocityBadge.tsx
FN:15,(anonymous_0)
FN:52,(anonymous_1)
FNF:2
FNH:2
FNDA:16,(anonymous_0)
FNDA:16,(anonymous_1)
DA:15,2
DA:21,16
DA:22,1
DA:28,15
DA:29,2
DA:35,13
DA:36,11
DA:43,2
DA:52,2
DA:59,16
DA:61,16
DA:62,9
DA:73,7
LF:13
LH:13
BRDA:21,0,0,1
BRDA:21,0,1,15
BRDA:28,1,0,2
BRDA:28,1,1,13
BRDA:35,2,0,11
BRDA:35,2,1,2
BRDA:57,3,0,16
BRDA:61,4,0,9
BRDA:61,4,1,7
BRDA:101,5,0,6
BRDA:101,5,1,1
BRDA:106,6,0,16
BRDA:106,6,1,2
BRF:13
BRH:13
end_of_record
TN:
SF:src/views/supplierSetupUtils.ts
FN:50,buildSupplierGridItems
FN:54,(anonymous_1)
FN:64,getMilestoneMessage
FN:79,calculateProgressPercent
FNF:4
FNH:4
FNDA:1,buildSupplierGridItems
FNDA:3,(anonymous_1)
FNDA:5,getMilestoneMessage
FNDA:6,calculateProgressPercent
DA:3,1
DA:24,1
DA:26,1
DA:35,1
DA:54,1
DA:55,3
DA:56,3
DA:65,5
DA:67,1
DA:69,1
DA:71,1
DA:73,1
DA:75,1
DA:80,6
DA:81,2
DA:83,4
DA:84,4
DA:85,1
DA:87,3
LF:19
LH:19
BRDA:55,0,0,3
BRDA:55,0,1,0
BRDA:65,1,0,1
BRDA:65,1,1,1
BRDA:65,1,2,1
BRDA:65,1,3,1
BRDA:65,1,4,1
BRDA:80,2,0,2
BRDA:80,2,1,4
BRDA:80,3,0,6
BRDA:80,3,1,5
BRDA:84,4,0,1
BRDA:84,4,1,3
BRF:13
BRH:12
end_of_record
